CRITICAL - 2021-04-13 15:30:14 --> Array to string conversion
#0 C:\xampp\htdocs\encurtador\app\Views\meus_links.php(15): CodeIgniter\Debug\Exceptions->errorHandler(8, 'Array to string...', 'C:\\xampp\\htdocs...', 15, Array)
#1 C:\xampp\htdocs\encurtador\vendor\codeigniter4\framework\system\View\View.php(220): include('C:\\xampp\\htdocs...')
#2 C:\xampp\htdocs\encurtador\vendor\codeigniter4\framework\system\View\View.php(222): CodeIgniter\View\View->CodeIgniter\View\{closure}()
#3 C:\xampp\htdocs\encurtador\vendor\codeigniter4\framework\system\Common.php(1217): CodeIgniter\View\View->render('meus_links', Array, true)
#4 C:\xampp\htdocs\encurtador\app\Controllers\User.php(43): view('meus_links', Array)
#5 C:\xampp\htdocs\encurtador\vendor\codeigniter4\framework\system\CodeIgniter.php(936): App\Controllers\User->index()
#6 C:\xampp\htdocs\encurtador\vendor\codeigniter4\framework\system\CodeIgniter.php(432): CodeIgniter\CodeIgniter->runController(Object(App\Controllers\User))
#7 C:\xampp\htdocs\encurtador\vendor\codeigniter4\framework\system\CodeIgniter.php(333): CodeIgniter\CodeIgniter->handleRequest(NULL, Object(Config\Cache), false)
#8 C:\xampp\htdocs\encurtador\public\index.php(42): CodeIgniter\CodeIgniter->run()
#9 C:\xampp\htdocs\encurtador\vendor\codeigniter4\framework\system\Commands\Server\rewrite.php(45): require_once('C:\\xampp\\htdocs...')
#10 {main}
CRITICAL - 2021-04-13 15:30:24 --> Array to string conversion
#0 C:\xampp\htdocs\encurtador\app\Views\meus_links.php(15): CodeIgniter\Debug\Exceptions->errorHandler(8, 'Array to string...', 'C:\\xampp\\htdocs...', 15, Array)
#1 C:\xampp\htdocs\encurtador\vendor\codeigniter4\framework\system\View\View.php(220): include('C:\\xampp\\htdocs...')
#2 C:\xampp\htdocs\encurtador\vendor\codeigniter4\framework\system\View\View.php(222): CodeIgniter\View\View->CodeIgniter\View\{closure}()
#3 C:\xampp\htdocs\encurtador\vendor\codeigniter4\framework\system\Common.php(1217): CodeIgniter\View\View->render('meus_links', Array, true)
#4 C:\xampp\htdocs\encurtador\app\Controllers\User.php(43): view('meus_links', Array)
#5 C:\xampp\htdocs\encurtador\vendor\codeigniter4\framework\system\CodeIgniter.php(936): App\Controllers\User->index()
#6 C:\xampp\htdocs\encurtador\vendor\codeigniter4\framework\system\CodeIgniter.php(432): CodeIgniter\CodeIgniter->runController(Object(App\Controllers\User))
#7 C:\xampp\htdocs\encurtador\vendor\codeigniter4\framework\system\CodeIgniter.php(333): CodeIgniter\CodeIgniter->handleRequest(NULL, Object(Config\Cache), false)
#8 C:\xampp\htdocs\encurtador\public\index.php(42): CodeIgniter\CodeIgniter->run()
#9 C:\xampp\htdocs\encurtador\vendor\codeigniter4\framework\system\Commands\Server\rewrite.php(45): require_once('C:\\xampp\\htdocs...')
#10 {main}
CRITICAL - 2021-04-13 15:31:32 --> Illegal string offset 'clicks'
#0 C:\xampp\htdocs\encurtador\app\Controllers\User.php(41): CodeIgniter\Debug\Exceptions->errorHandler(2, 'Illegal string ...', 'C:\\xampp\\htdocs...', 41, Array)
#1 C:\xampp\htdocs\encurtador\vendor\codeigniter4\framework\system\CodeIgniter.php(936): App\Controllers\User->index()
#2 C:\xampp\htdocs\encurtador\vendor\codeigniter4\framework\system\CodeIgniter.php(432): CodeIgniter\CodeIgniter->runController(Object(App\Controllers\User))
#3 C:\xampp\htdocs\encurtador\vendor\codeigniter4\framework\system\CodeIgniter.php(333): CodeIgniter\CodeIgniter->handleRequest(NULL, Object(Config\Cache), false)
#4 C:\xampp\htdocs\encurtador\public\index.php(42): CodeIgniter\CodeIgniter->run()
#5 C:\xampp\htdocs\encurtador\vendor\codeigniter4\framework\system\Commands\Server\rewrite.php(45): require_once('C:\\xampp\\htdocs...')
#6 {main}
