ERROR - 2021-03-14 08:48:27 --> mysqli_sql_exception: You have an error in your SQL syntax; check the manual that corresponds to your MariaDB server version for the right syntax to use near ')' at line 3 in C:\xampp\htdocs\encurtador\vendor\codeigniter4\framework\system\Database\MySQLi\Connection.php:314
Stack trace:
#0 C:\xampp\htdocs\encurtador\vendor\codeigniter4\framework\system\Database\MySQLi\Connection.php(314): mysqli->query('SELECT *\nFROM `...')
#1 C:\xampp\htdocs\encurtador\vendor\codeigniter4\framework\system\Database\BaseConnection.php(713): CodeIgniter\Database\MySQLi\Connection->execute('SELECT *\nFROM `...')
#2 C:\xampp\htdocs\encurtador\vendor\codeigniter4\framework\system\Database\BaseConnection.php(641): CodeIgniter\Database\BaseConnection->simpleQuery('SELECT *\nFROM `...')
#3 C:\xampp\htdocs\encurtador\vendor\codeigniter4\framework\system\Database\BaseBuilder.php(1866): CodeIgniter\Database\BaseConnection->query('SELECT *\nFROM `...', Array, false)
#4 C:\xampp\htdocs\encurtador\vendor\codeigniter4\framework\system\Model.php(163): CodeIgniter\Database\BaseBuilder->get()
#5 C:\xampp\htdocs\encurtador\vendor\codeigniter4\framework\system\BaseModel.php(518): CodeIgniter\Model->doFind(false, Array)
#6 C:\xampp\htdocs\encurtador\app\Controllers\Url.php(35): CodeIgniter\BaseModel->find(Array)
#7 C:\xampp\htdocs\encurtador\vendor\codeigniter4\framework\system\CodeIgniter.php(936): App\Controllers\Url->redirect('jr')
#8 C:\xampp\htdocs\encurtador\vendor\codeigniter4\framework\system\CodeIgniter.php(432): CodeIgniter\CodeIgniter->runController(Object(App\Controllers\Url))
#9 C:\xampp\htdocs\encurtador\vendor\codeigniter4\framework\system\CodeIgniter.php(333): CodeIgniter\CodeIgniter->handleRequest(NULL, Object(Config\Cache), false)
#10 C:\xampp\htdocs\encurtador\public\index.php(44): CodeIgniter\CodeIgniter->run()
#11 C:\xampp\htdocs\encurtador\vendor\codeigniter4\framework\system\Commands\Server\rewrite.php(45): require_once('C:\\xampp\\htdocs...')
#12 {main}
CRITICAL - 2021-03-14 08:48:27 --> You have an error in your SQL syntax; check the manual that corresponds to your MariaDB server version for the right syntax to use near ')' at line 3
#0 C:\xampp\htdocs\encurtador\vendor\codeigniter4\framework\system\Database\MySQLi\Connection.php(314): mysqli->query('SELECT *\nFROM `...')
#1 C:\xampp\htdocs\encurtador\vendor\codeigniter4\framework\system\Database\BaseConnection.php(713): CodeIgniter\Database\MySQLi\Connection->execute('SELECT *\nFROM `...')
#2 C:\xampp\htdocs\encurtador\vendor\codeigniter4\framework\system\Database\BaseConnection.php(641): CodeIgniter\Database\BaseConnection->simpleQuery('SELECT *\nFROM `...')
#3 C:\xampp\htdocs\encurtador\vendor\codeigniter4\framework\system\Database\BaseBuilder.php(1866): CodeIgniter\Database\BaseConnection->query('SELECT *\nFROM `...', Array, false)
#4 C:\xampp\htdocs\encurtador\vendor\codeigniter4\framework\system\Model.php(163): CodeIgniter\Database\BaseBuilder->get()
#5 C:\xampp\htdocs\encurtador\vendor\codeigniter4\framework\system\BaseModel.php(518): CodeIgniter\Model->doFind(false, Array)
#6 C:\xampp\htdocs\encurtador\app\Controllers\Url.php(35): CodeIgniter\BaseModel->find(Array)
#7 C:\xampp\htdocs\encurtador\vendor\codeigniter4\framework\system\CodeIgniter.php(936): App\Controllers\Url->redirect('jr')
#8 C:\xampp\htdocs\encurtador\vendor\codeigniter4\framework\system\CodeIgniter.php(432): CodeIgniter\CodeIgniter->runController(Object(App\Controllers\Url))
#9 C:\xampp\htdocs\encurtador\vendor\codeigniter4\framework\system\CodeIgniter.php(333): CodeIgniter\CodeIgniter->handleRequest(NULL, Object(Config\Cache), false)
#10 C:\xampp\htdocs\encurtador\public\index.php(44): CodeIgniter\CodeIgniter->run()
#11 C:\xampp\htdocs\encurtador\vendor\codeigniter4\framework\system\Commands\Server\rewrite.php(45): require_once('C:\\xampp\\htdocs...')
#12 {main}
ERROR - 2021-03-14 08:51:01 --> mysqli_sql_exception: You have an error in your SQL syntax; check the manual that corresponds to your MariaDB server version for the right syntax to use near ')
 LIMIT 1' at line 3 in C:\xampp\htdocs\encurtador\vendor\codeigniter4\framework\system\Database\MySQLi\Connection.php:314
Stack trace:
#0 C:\xampp\htdocs\encurtador\vendor\codeigniter4\framework\system\Database\MySQLi\Connection.php(314): mysqli->query('SELECT *\nFROM `...')
#1 C:\xampp\htdocs\encurtador\vendor\codeigniter4\framework\system\Database\BaseConnection.php(713): CodeIgniter\Database\MySQLi\Connection->execute('SELECT *\nFROM `...')
#2 C:\xampp\htdocs\encurtador\vendor\codeigniter4\framework\system\Database\BaseConnection.php(641): CodeIgniter\Database\BaseConnection->simpleQuery('SELECT *\nFROM `...')
#3 C:\xampp\htdocs\encurtador\vendor\codeigniter4\framework\system\Database\BaseBuilder.php(1866): CodeIgniter\Database\BaseConnection->query('SELECT *\nFROM `...', Array, false)
#4 C:\xampp\htdocs\encurtador\vendor\codeigniter4\framework\system\Model.php(247): CodeIgniter\Database\BaseBuilder->get()
#5 C:\xampp\htdocs\encurtador\vendor\codeigniter4\framework\system\BaseModel.php(624): CodeIgniter\Model->doFirst()
#6 C:\xampp\htdocs\encurtador\app\Controllers\Url.php(35): CodeIgniter\BaseModel->first()
#7 C:\xampp\htdocs\encurtador\vendor\codeigniter4\framework\system\CodeIgniter.php(936): App\Controllers\Url->redirect('jr')
#8 C:\xampp\htdocs\encurtador\vendor\codeigniter4\framework\system\CodeIgniter.php(432): CodeIgniter\CodeIgniter->runController(Object(App\Controllers\Url))
#9 C:\xampp\htdocs\encurtador\vendor\codeigniter4\framework\system\CodeIgniter.php(333): CodeIgniter\CodeIgniter->handleRequest(NULL, Object(Config\Cache), false)
#10 C:\xampp\htdocs\encurtador\public\index.php(44): CodeIgniter\CodeIgniter->run()
#11 C:\xampp\htdocs\encurtador\vendor\codeigniter4\framework\system\Commands\Server\rewrite.php(45): require_once('C:\\xampp\\htdocs...')
#12 {main}
CRITICAL - 2021-03-14 08:51:01 --> You have an error in your SQL syntax; check the manual that corresponds to your MariaDB server version for the right syntax to use near ')
 LIMIT 1' at line 3
#0 C:\xampp\htdocs\encurtador\vendor\codeigniter4\framework\system\Database\MySQLi\Connection.php(314): mysqli->query('SELECT *\nFROM `...')
#1 C:\xampp\htdocs\encurtador\vendor\codeigniter4\framework\system\Database\BaseConnection.php(713): CodeIgniter\Database\MySQLi\Connection->execute('SELECT *\nFROM `...')
#2 C:\xampp\htdocs\encurtador\vendor\codeigniter4\framework\system\Database\BaseConnection.php(641): CodeIgniter\Database\BaseConnection->simpleQuery('SELECT *\nFROM `...')
#3 C:\xampp\htdocs\encurtador\vendor\codeigniter4\framework\system\Database\BaseBuilder.php(1866): CodeIgniter\Database\BaseConnection->query('SELECT *\nFROM `...', Array, false)
#4 C:\xampp\htdocs\encurtador\vendor\codeigniter4\framework\system\Model.php(247): CodeIgniter\Database\BaseBuilder->get()
#5 C:\xampp\htdocs\encurtador\vendor\codeigniter4\framework\system\BaseModel.php(624): CodeIgniter\Model->doFirst()
#6 C:\xampp\htdocs\encurtador\app\Controllers\Url.php(35): CodeIgniter\BaseModel->first()
#7 C:\xampp\htdocs\encurtador\vendor\codeigniter4\framework\system\CodeIgniter.php(936): App\Controllers\Url->redirect('jr')
#8 C:\xampp\htdocs\encurtador\vendor\codeigniter4\framework\system\CodeIgniter.php(432): CodeIgniter\CodeIgniter->runController(Object(App\Controllers\Url))
#9 C:\xampp\htdocs\encurtador\vendor\codeigniter4\framework\system\CodeIgniter.php(333): CodeIgniter\CodeIgniter->handleRequest(NULL, Object(Config\Cache), false)
#10 C:\xampp\htdocs\encurtador\public\index.php(44): CodeIgniter\CodeIgniter->run()
#11 C:\xampp\htdocs\encurtador\vendor\codeigniter4\framework\system\Commands\Server\rewrite.php(45): require_once('C:\\xampp\\htdocs...')
#12 {main}
ERROR - 2021-03-14 08:51:03 --> mysqli_sql_exception: You have an error in your SQL syntax; check the manual that corresponds to your MariaDB server version for the right syntax to use near ')
 LIMIT 1' at line 3 in C:\xampp\htdocs\encurtador\vendor\codeigniter4\framework\system\Database\MySQLi\Connection.php:314
Stack trace:
#0 C:\xampp\htdocs\encurtador\vendor\codeigniter4\framework\system\Database\MySQLi\Connection.php(314): mysqli->query('SELECT *\nFROM `...')
#1 C:\xampp\htdocs\encurtador\vendor\codeigniter4\framework\system\Database\BaseConnection.php(713): CodeIgniter\Database\MySQLi\Connection->execute('SELECT *\nFROM `...')
#2 C:\xampp\htdocs\encurtador\vendor\codeigniter4\framework\system\Database\BaseConnection.php(641): CodeIgniter\Database\BaseConnection->simpleQuery('SELECT *\nFROM `...')
#3 C:\xampp\htdocs\encurtador\vendor\codeigniter4\framework\system\Database\BaseBuilder.php(1866): CodeIgniter\Database\BaseConnection->query('SELECT *\nFROM `...', Array, false)
#4 C:\xampp\htdocs\encurtador\vendor\codeigniter4\framework\system\Model.php(247): CodeIgniter\Database\BaseBuilder->get()
#5 C:\xampp\htdocs\encurtador\vendor\codeigniter4\framework\system\BaseModel.php(624): CodeIgniter\Model->doFirst()
#6 C:\xampp\htdocs\encurtador\app\Controllers\Url.php(35): CodeIgniter\BaseModel->first()
#7 C:\xampp\htdocs\encurtador\vendor\codeigniter4\framework\system\CodeIgniter.php(936): App\Controllers\Url->redirect('jr')
#8 C:\xampp\htdocs\encurtador\vendor\codeigniter4\framework\system\CodeIgniter.php(432): CodeIgniter\CodeIgniter->runController(Object(App\Controllers\Url))
#9 C:\xampp\htdocs\encurtador\vendor\codeigniter4\framework\system\CodeIgniter.php(333): CodeIgniter\CodeIgniter->handleRequest(NULL, Object(Config\Cache), false)
#10 C:\xampp\htdocs\encurtador\public\index.php(44): CodeIgniter\CodeIgniter->run()
#11 C:\xampp\htdocs\encurtador\vendor\codeigniter4\framework\system\Commands\Server\rewrite.php(45): require_once('C:\\xampp\\htdocs...')
#12 {main}
CRITICAL - 2021-03-14 08:51:03 --> You have an error in your SQL syntax; check the manual that corresponds to your MariaDB server version for the right syntax to use near ')
 LIMIT 1' at line 3
#0 C:\xampp\htdocs\encurtador\vendor\codeigniter4\framework\system\Database\MySQLi\Connection.php(314): mysqli->query('SELECT *\nFROM `...')
#1 C:\xampp\htdocs\encurtador\vendor\codeigniter4\framework\system\Database\BaseConnection.php(713): CodeIgniter\Database\MySQLi\Connection->execute('SELECT *\nFROM `...')
#2 C:\xampp\htdocs\encurtador\vendor\codeigniter4\framework\system\Database\BaseConnection.php(641): CodeIgniter\Database\BaseConnection->simpleQuery('SELECT *\nFROM `...')
#3 C:\xampp\htdocs\encurtador\vendor\codeigniter4\framework\system\Database\BaseBuilder.php(1866): CodeIgniter\Database\BaseConnection->query('SELECT *\nFROM `...', Array, false)
#4 C:\xampp\htdocs\encurtador\vendor\codeigniter4\framework\system\Model.php(247): CodeIgniter\Database\BaseBuilder->get()
#5 C:\xampp\htdocs\encurtador\vendor\codeigniter4\framework\system\BaseModel.php(624): CodeIgniter\Model->doFirst()
#6 C:\xampp\htdocs\encurtador\app\Controllers\Url.php(35): CodeIgniter\BaseModel->first()
#7 C:\xampp\htdocs\encurtador\vendor\codeigniter4\framework\system\CodeIgniter.php(936): App\Controllers\Url->redirect('jr')
#8 C:\xampp\htdocs\encurtador\vendor\codeigniter4\framework\system\CodeIgniter.php(432): CodeIgniter\CodeIgniter->runController(Object(App\Controllers\Url))
#9 C:\xampp\htdocs\encurtador\vendor\codeigniter4\framework\system\CodeIgniter.php(333): CodeIgniter\CodeIgniter->handleRequest(NULL, Object(Config\Cache), false)
#10 C:\xampp\htdocs\encurtador\public\index.php(44): CodeIgniter\CodeIgniter->run()
#11 C:\xampp\htdocs\encurtador\vendor\codeigniter4\framework\system\Commands\Server\rewrite.php(45): require_once('C:\\xampp\\htdocs...')
#12 {main}
ERROR - 2021-03-14 08:52:36 --> mysqli_sql_exception: You have an error in your SQL syntax; check the manual that corresponds to your MariaDB server version for the right syntax to use near ')
 LIMIT 1' at line 3 in C:\xampp\htdocs\encurtador\vendor\codeigniter4\framework\system\Database\MySQLi\Connection.php:314
Stack trace:
#0 C:\xampp\htdocs\encurtador\vendor\codeigniter4\framework\system\Database\MySQLi\Connection.php(314): mysqli->query('SELECT *\nFROM `...')
#1 C:\xampp\htdocs\encurtador\vendor\codeigniter4\framework\system\Database\BaseConnection.php(713): CodeIgniter\Database\MySQLi\Connection->execute('SELECT *\nFROM `...')
#2 C:\xampp\htdocs\encurtador\vendor\codeigniter4\framework\system\Database\BaseConnection.php(641): CodeIgniter\Database\BaseConnection->simpleQuery('SELECT *\nFROM `...')
#3 C:\xampp\htdocs\encurtador\vendor\codeigniter4\framework\system\Database\BaseBuilder.php(1866): CodeIgniter\Database\BaseConnection->query('SELECT *\nFROM `...', Array, false)
#4 C:\xampp\htdocs\encurtador\vendor\codeigniter4\framework\system\Model.php(247): CodeIgniter\Database\BaseBuilder->get()
#5 C:\xampp\htdocs\encurtador\vendor\codeigniter4\framework\system\BaseModel.php(624): CodeIgniter\Model->doFirst()
#6 C:\xampp\htdocs\encurtador\app\Controllers\Url.php(35): CodeIgniter\BaseModel->first()
#7 C:\xampp\htdocs\encurtador\vendor\codeigniter4\framework\system\CodeIgniter.php(936): App\Controllers\Url->redirect('jr')
#8 C:\xampp\htdocs\encurtador\vendor\codeigniter4\framework\system\CodeIgniter.php(432): CodeIgniter\CodeIgniter->runController(Object(App\Controllers\Url))
#9 C:\xampp\htdocs\encurtador\vendor\codeigniter4\framework\system\CodeIgniter.php(333): CodeIgniter\CodeIgniter->handleRequest(NULL, Object(Config\Cache), false)
#10 C:\xampp\htdocs\encurtador\public\index.php(44): CodeIgniter\CodeIgniter->run()
#11 C:\xampp\htdocs\encurtador\vendor\codeigniter4\framework\system\Commands\Server\rewrite.php(45): require_once('C:\\xampp\\htdocs...')
#12 {main}
CRITICAL - 2021-03-14 08:52:36 --> You have an error in your SQL syntax; check the manual that corresponds to your MariaDB server version for the right syntax to use near ')
 LIMIT 1' at line 3
#0 C:\xampp\htdocs\encurtador\vendor\codeigniter4\framework\system\Database\MySQLi\Connection.php(314): mysqli->query('SELECT *\nFROM `...')
#1 C:\xampp\htdocs\encurtador\vendor\codeigniter4\framework\system\Database\BaseConnection.php(713): CodeIgniter\Database\MySQLi\Connection->execute('SELECT *\nFROM `...')
#2 C:\xampp\htdocs\encurtador\vendor\codeigniter4\framework\system\Database\BaseConnection.php(641): CodeIgniter\Database\BaseConnection->simpleQuery('SELECT *\nFROM `...')
#3 C:\xampp\htdocs\encurtador\vendor\codeigniter4\framework\system\Database\BaseBuilder.php(1866): CodeIgniter\Database\BaseConnection->query('SELECT *\nFROM `...', Array, false)
#4 C:\xampp\htdocs\encurtador\vendor\codeigniter4\framework\system\Model.php(247): CodeIgniter\Database\BaseBuilder->get()
#5 C:\xampp\htdocs\encurtador\vendor\codeigniter4\framework\system\BaseModel.php(624): CodeIgniter\Model->doFirst()
#6 C:\xampp\htdocs\encurtador\app\Controllers\Url.php(35): CodeIgniter\BaseModel->first()
#7 C:\xampp\htdocs\encurtador\vendor\codeigniter4\framework\system\CodeIgniter.php(936): App\Controllers\Url->redirect('jr')
#8 C:\xampp\htdocs\encurtador\vendor\codeigniter4\framework\system\CodeIgniter.php(432): CodeIgniter\CodeIgniter->runController(Object(App\Controllers\Url))
#9 C:\xampp\htdocs\encurtador\vendor\codeigniter4\framework\system\CodeIgniter.php(333): CodeIgniter\CodeIgniter->handleRequest(NULL, Object(Config\Cache), false)
#10 C:\xampp\htdocs\encurtador\public\index.php(44): CodeIgniter\CodeIgniter->run()
#11 C:\xampp\htdocs\encurtador\vendor\codeigniter4\framework\system\Commands\Server\rewrite.php(45): require_once('C:\\xampp\\htdocs...')
#12 {main}
ERROR - 2021-03-14 08:53:08 --> mysqli_sql_exception: You have an error in your SQL syntax; check the manual that corresponds to your MariaDB server version for the right syntax to use near ')
 LIMIT 1' at line 3 in C:\xampp\htdocs\encurtador\vendor\codeigniter4\framework\system\Database\MySQLi\Connection.php:314
Stack trace:
#0 C:\xampp\htdocs\encurtador\vendor\codeigniter4\framework\system\Database\MySQLi\Connection.php(314): mysqli->query('SELECT *\nFROM `...')
#1 C:\xampp\htdocs\encurtador\vendor\codeigniter4\framework\system\Database\BaseConnection.php(713): CodeIgniter\Database\MySQLi\Connection->execute('SELECT *\nFROM `...')
#2 C:\xampp\htdocs\encurtador\vendor\codeigniter4\framework\system\Database\BaseConnection.php(641): CodeIgniter\Database\BaseConnection->simpleQuery('SELECT *\nFROM `...')
#3 C:\xampp\htdocs\encurtador\vendor\codeigniter4\framework\system\Database\BaseBuilder.php(1866): CodeIgniter\Database\BaseConnection->query('SELECT *\nFROM `...', Array, false)
#4 C:\xampp\htdocs\encurtador\vendor\codeigniter4\framework\system\Model.php(247): CodeIgniter\Database\BaseBuilder->get()
#5 C:\xampp\htdocs\encurtador\vendor\codeigniter4\framework\system\BaseModel.php(624): CodeIgniter\Model->doFirst()
#6 C:\xampp\htdocs\encurtador\app\Controllers\Url.php(35): CodeIgniter\BaseModel->first()
#7 C:\xampp\htdocs\encurtador\vendor\codeigniter4\framework\system\CodeIgniter.php(936): App\Controllers\Url->redirect('jr')
#8 C:\xampp\htdocs\encurtador\vendor\codeigniter4\framework\system\CodeIgniter.php(432): CodeIgniter\CodeIgniter->runController(Object(App\Controllers\Url))
#9 C:\xampp\htdocs\encurtador\vendor\codeigniter4\framework\system\CodeIgniter.php(333): CodeIgniter\CodeIgniter->handleRequest(NULL, Object(Config\Cache), false)
#10 C:\xampp\htdocs\encurtador\public\index.php(44): CodeIgniter\CodeIgniter->run()
#11 C:\xampp\htdocs\encurtador\vendor\codeigniter4\framework\system\Commands\Server\rewrite.php(45): require_once('C:\\xampp\\htdocs...')
#12 {main}
CRITICAL - 2021-03-14 08:53:08 --> You have an error in your SQL syntax; check the manual that corresponds to your MariaDB server version for the right syntax to use near ')
 LIMIT 1' at line 3
#0 C:\xampp\htdocs\encurtador\vendor\codeigniter4\framework\system\Database\MySQLi\Connection.php(314): mysqli->query('SELECT *\nFROM `...')
#1 C:\xampp\htdocs\encurtador\vendor\codeigniter4\framework\system\Database\BaseConnection.php(713): CodeIgniter\Database\MySQLi\Connection->execute('SELECT *\nFROM `...')
#2 C:\xampp\htdocs\encurtador\vendor\codeigniter4\framework\system\Database\BaseConnection.php(641): CodeIgniter\Database\BaseConnection->simpleQuery('SELECT *\nFROM `...')
#3 C:\xampp\htdocs\encurtador\vendor\codeigniter4\framework\system\Database\BaseBuilder.php(1866): CodeIgniter\Database\BaseConnection->query('SELECT *\nFROM `...', Array, false)
#4 C:\xampp\htdocs\encurtador\vendor\codeigniter4\framework\system\Model.php(247): CodeIgniter\Database\BaseBuilder->get()
#5 C:\xampp\htdocs\encurtador\vendor\codeigniter4\framework\system\BaseModel.php(624): CodeIgniter\Model->doFirst()
#6 C:\xampp\htdocs\encurtador\app\Controllers\Url.php(35): CodeIgniter\BaseModel->first()
#7 C:\xampp\htdocs\encurtador\vendor\codeigniter4\framework\system\CodeIgniter.php(936): App\Controllers\Url->redirect('jr')
#8 C:\xampp\htdocs\encurtador\vendor\codeigniter4\framework\system\CodeIgniter.php(432): CodeIgniter\CodeIgniter->runController(Object(App\Controllers\Url))
#9 C:\xampp\htdocs\encurtador\vendor\codeigniter4\framework\system\CodeIgniter.php(333): CodeIgniter\CodeIgniter->handleRequest(NULL, Object(Config\Cache), false)
#10 C:\xampp\htdocs\encurtador\public\index.php(44): CodeIgniter\CodeIgniter->run()
#11 C:\xampp\htdocs\encurtador\vendor\codeigniter4\framework\system\Commands\Server\rewrite.php(45): require_once('C:\\xampp\\htdocs...')
#12 {main}
CRITICAL - 2021-03-14 08:55:03 --> Undefined variable: url
#0 C:\xampp\htdocs\encurtador\app\Controllers\Url.php(39): CodeIgniter\Debug\Exceptions->errorHandler(8, 'Undefined varia...', 'C:\\xampp\\htdocs...', 39, Array)
#1 C:\xampp\htdocs\encurtador\vendor\codeigniter4\framework\system\CodeIgniter.php(936): App\Controllers\Url->redirect('jr')
#2 C:\xampp\htdocs\encurtador\vendor\codeigniter4\framework\system\CodeIgniter.php(432): CodeIgniter\CodeIgniter->runController(Object(App\Controllers\Url))
#3 C:\xampp\htdocs\encurtador\vendor\codeigniter4\framework\system\CodeIgniter.php(333): CodeIgniter\CodeIgniter->handleRequest(NULL, Object(Config\Cache), false)
#4 C:\xampp\htdocs\encurtador\public\index.php(44): CodeIgniter\CodeIgniter->run()
#5 C:\xampp\htdocs\encurtador\vendor\codeigniter4\framework\system\Commands\Server\rewrite.php(45): require_once('C:\\xampp\\htdocs...')
#6 {main}
CRITICAL - 2021-03-14 08:55:04 --> Undefined variable: url
#0 C:\xampp\htdocs\encurtador\app\Controllers\Url.php(39): CodeIgniter\Debug\Exceptions->errorHandler(8, 'Undefined varia...', 'C:\\xampp\\htdocs...', 39, Array)
#1 C:\xampp\htdocs\encurtador\vendor\codeigniter4\framework\system\CodeIgniter.php(936): App\Controllers\Url->redirect('jr')
#2 C:\xampp\htdocs\encurtador\vendor\codeigniter4\framework\system\CodeIgniter.php(432): CodeIgniter\CodeIgniter->runController(Object(App\Controllers\Url))
#3 C:\xampp\htdocs\encurtador\vendor\codeigniter4\framework\system\CodeIgniter.php(333): CodeIgniter\CodeIgniter->handleRequest(NULL, Object(Config\Cache), false)
#4 C:\xampp\htdocs\encurtador\public\index.php(44): CodeIgniter\CodeIgniter->run()
#5 C:\xampp\htdocs\encurtador\vendor\codeigniter4\framework\system\Commands\Server\rewrite.php(45): require_once('C:\\xampp\\htdocs...')
#6 {main}
CRITICAL - 2021-03-14 08:55:39 --> Array to string conversion
#0 C:\xampp\htdocs\encurtador\app\Controllers\Url.php(33): CodeIgniter\Debug\Exceptions->errorHandler(8, 'Array to string...', 'C:\\xampp\\htdocs...', 33, Array)
#1 C:\xampp\htdocs\encurtador\vendor\codeigniter4\framework\system\CodeIgniter.php(936): App\Controllers\Url->redirect('jr')
#2 C:\xampp\htdocs\encurtador\vendor\codeigniter4\framework\system\CodeIgniter.php(432): CodeIgniter\CodeIgniter->runController(Object(App\Controllers\Url))
#3 C:\xampp\htdocs\encurtador\vendor\codeigniter4\framework\system\CodeIgniter.php(333): CodeIgniter\CodeIgniter->handleRequest(NULL, Object(Config\Cache), false)
#4 C:\xampp\htdocs\encurtador\public\index.php(44): CodeIgniter\CodeIgniter->run()
#5 C:\xampp\htdocs\encurtador\vendor\codeigniter4\framework\system\Commands\Server\rewrite.php(45): require_once('C:\\xampp\\htdocs...')
#6 {main}
CRITICAL - 2021-03-14 09:09:15 --> Undefined property: App\Controllers\Url::$validation
#0 C:\xampp\htdocs\encurtador\app\Controllers\Url.php(75): CodeIgniter\Debug\Exceptions->errorHandler(8, 'Undefined prope...', 'C:\\xampp\\htdocs...', 75, Array)
#1 C:\xampp\htdocs\encurtador\vendor\codeigniter4\framework\system\CodeIgniter.php(936): App\Controllers\Url->store()
#2 C:\xampp\htdocs\encurtador\vendor\codeigniter4\framework\system\CodeIgniter.php(432): CodeIgniter\CodeIgniter->runController(Object(App\Controllers\Url))
#3 C:\xampp\htdocs\encurtador\vendor\codeigniter4\framework\system\CodeIgniter.php(333): CodeIgniter\CodeIgniter->handleRequest(NULL, Object(Config\Cache), false)
#4 C:\xampp\htdocs\encurtador\public\index.php(44): CodeIgniter\CodeIgniter->run()
#5 C:\xampp\htdocs\encurtador\vendor\codeigniter4\framework\system\Commands\Server\rewrite.php(45): require_once('C:\\xampp\\htdocs...')
#6 {main}
CRITICAL - 2021-03-14 09:14:46 --> syntax error, unexpected '$validationRules' (T_VARIABLE), expecting function (T_FUNCTION) or const (T_CONST)
#0 C:\xampp\htdocs\encurtador\vendor\codeigniter4\framework\system\Autoloader\Autoloader.php(265): CodeIgniter\Autoloader\Autoloader->includeFile('C:\\xampp\\htdocs...')
#1 C:\xampp\htdocs\encurtador\vendor\codeigniter4\framework\system\Autoloader\Autoloader.php(228): CodeIgniter\Autoloader\Autoloader->loadInNamespace('App\\Models\\Link...')
#2 [internal function]: CodeIgniter\Autoloader\Autoloader->loadClass('App\\Models\\Link...')
#3 C:\xampp\htdocs\encurtador\app\Controllers\Home.php(14): spl_autoload_call('App\\Models\\Link...')
#4 C:\xampp\htdocs\encurtador\vendor\codeigniter4\framework\system\CodeIgniter.php(908): App\Controllers\Home->__construct()
#5 C:\xampp\htdocs\encurtador\vendor\codeigniter4\framework\system\CodeIgniter.php(422): CodeIgniter\CodeIgniter->createController()
#6 C:\xampp\htdocs\encurtador\vendor\codeigniter4\framework\system\CodeIgniter.php(333): CodeIgniter\CodeIgniter->handleRequest(NULL, Object(Config\Cache), false)
#7 C:\xampp\htdocs\encurtador\public\index.php(44): CodeIgniter\CodeIgniter->run()
#8 C:\xampp\htdocs\encurtador\vendor\codeigniter4\framework\system\Commands\Server\rewrite.php(45): require_once('C:\\xampp\\htdocs...')
#9 {main}
CRITICAL - 2021-03-14 09:18:47 --> Undefined variable: message
#0 C:\xampp\htdocs\encurtador\app\Views\home.php(65): CodeIgniter\Debug\Exceptions->errorHandler(8, 'Undefined varia...', 'C:\\xampp\\htdocs...', 65, Array)
#1 C:\xampp\htdocs\encurtador\vendor\codeigniter4\framework\system\View\View.php(220): include('C:\\xampp\\htdocs...')
#2 C:\xampp\htdocs\encurtador\vendor\codeigniter4\framework\system\View\View.php(222): CodeIgniter\View\View->CodeIgniter\View\{closure}()
#3 C:\xampp\htdocs\encurtador\vendor\codeigniter4\framework\system\Common.php(1217): CodeIgniter\View\View->render('home', Array, true)
#4 C:\xampp\htdocs\encurtador\app\Controllers\Home.php(22): view('home', Array)
#5 C:\xampp\htdocs\encurtador\vendor\codeigniter4\framework\system\CodeIgniter.php(936): App\Controllers\Home->index()
#6 C:\xampp\htdocs\encurtador\vendor\codeigniter4\framework\system\CodeIgniter.php(432): CodeIgniter\CodeIgniter->runController(Object(App\Controllers\Home))
#7 C:\xampp\htdocs\encurtador\vendor\codeigniter4\framework\system\CodeIgniter.php(333): CodeIgniter\CodeIgniter->handleRequest(NULL, Object(Config\Cache), false)
#8 C:\xampp\htdocs\encurtador\public\index.php(44): CodeIgniter\CodeIgniter->run()
#9 C:\xampp\htdocs\encurtador\vendor\codeigniter4\framework\system\Commands\Server\rewrite.php(45): require_once('C:\\xampp\\htdocs...')
#10 {main}
CRITICAL - 2021-03-14 09:18:52 --> count(): Parameter must be an array or an object that implements Countable
#0 C:\xampp\htdocs\encurtador\app\Views\home.php(62): CodeIgniter\Debug\Exceptions->errorHandler(2, 'count(): Parame...', 'C:\\xampp\\htdocs...', 62, Array)
#1 C:\xampp\htdocs\encurtador\vendor\codeigniter4\framework\system\View\View.php(220): include('C:\\xampp\\htdocs...')
#2 C:\xampp\htdocs\encurtador\vendor\codeigniter4\framework\system\View\View.php(222): CodeIgniter\View\View->CodeIgniter\View\{closure}()
#3 C:\xampp\htdocs\encurtador\vendor\codeigniter4\framework\system\Common.php(1217): CodeIgniter\View\View->render('home', Array, true)
#4 C:\xampp\htdocs\encurtador\app\Controllers\Home.php(22): view('home', Array)
#5 C:\xampp\htdocs\encurtador\vendor\codeigniter4\framework\system\CodeIgniter.php(936): App\Controllers\Home->index()
#6 C:\xampp\htdocs\encurtador\vendor\codeigniter4\framework\system\CodeIgniter.php(432): CodeIgniter\CodeIgniter->runController(Object(App\Controllers\Home))
#7 C:\xampp\htdocs\encurtador\vendor\codeigniter4\framework\system\CodeIgniter.php(333): CodeIgniter\CodeIgniter->handleRequest(NULL, Object(Config\Cache), false)
#8 C:\xampp\htdocs\encurtador\public\index.php(44): CodeIgniter\CodeIgniter->run()
#9 C:\xampp\htdocs\encurtador\vendor\codeigniter4\framework\system\Commands\Server\rewrite.php(45): require_once('C:\\xampp\\htdocs...')
#10 {main}
CRITICAL - 2021-03-14 09:20:40 --> Array to string conversion
#0 C:\xampp\htdocs\encurtador\app\Views\home.php(65): CodeIgniter\Debug\Exceptions->errorHandler(8, 'Array to string...', 'C:\\xampp\\htdocs...', 65, Array)
#1 C:\xampp\htdocs\encurtador\vendor\codeigniter4\framework\system\View\View.php(220): include('C:\\xampp\\htdocs...')
#2 C:\xampp\htdocs\encurtador\vendor\codeigniter4\framework\system\View\View.php(222): CodeIgniter\View\View->CodeIgniter\View\{closure}()
#3 C:\xampp\htdocs\encurtador\vendor\codeigniter4\framework\system\Common.php(1217): CodeIgniter\View\View->render('home', Array, true)
#4 C:\xampp\htdocs\encurtador\app\Controllers\Home.php(22): view('home', Array)
#5 C:\xampp\htdocs\encurtador\vendor\codeigniter4\framework\system\CodeIgniter.php(936): App\Controllers\Home->index()
#6 C:\xampp\htdocs\encurtador\vendor\codeigniter4\framework\system\CodeIgniter.php(432): CodeIgniter\CodeIgniter->runController(Object(App\Controllers\Home))
#7 C:\xampp\htdocs\encurtador\vendor\codeigniter4\framework\system\CodeIgniter.php(333): CodeIgniter\CodeIgniter->handleRequest(NULL, Object(Config\Cache), false)
#8 C:\xampp\htdocs\encurtador\public\index.php(44): CodeIgniter\CodeIgniter->run()
#9 C:\xampp\htdocs\encurtador\vendor\codeigniter4\framework\system\Commands\Server\rewrite.php(45): require_once('C:\\xampp\\htdocs...')
#10 {main}
ERROR - 2021-03-14 11:49:20 --> mysqli_sql_exception: Table 'encurtador.links' doesn't exist in C:\xampp\htdocs\encurtador\vendor\codeigniter4\framework\system\Database\MySQLi\Connection.php:314
Stack trace:
#0 C:\xampp\htdocs\encurtador\vendor\codeigniter4\framework\system\Database\MySQLi\Connection.php(314): mysqli->query('SELECT MAX(`id`...')
#1 C:\xampp\htdocs\encurtador\vendor\codeigniter4\framework\system\Database\BaseConnection.php(713): CodeIgniter\Database\MySQLi\Connection->execute('SELECT MAX(`id`...')
#2 C:\xampp\htdocs\encurtador\vendor\codeigniter4\framework\system\Database\BaseConnection.php(641): CodeIgniter\Database\BaseConnection->simpleQuery('SELECT MAX(`id`...')
#3 C:\xampp\htdocs\encurtador\vendor\codeigniter4\framework\system\Database\BaseBuilder.php(1866): CodeIgniter\Database\BaseConnection->query('SELECT MAX(`id`...', Array, false)
#4 C:\xampp\htdocs\encurtador\vendor\codeigniter4\framework\system\Model.php(247): CodeIgniter\Database\BaseBuilder->get()
#5 C:\xampp\htdocs\encurtador\vendor\codeigniter4\framework\system\BaseModel.php(624): CodeIgniter\Model->doFirst()
#6 C:\xampp\htdocs\encurtador\app\Models\LinkModel.php(32): CodeIgniter\BaseModel->first()
#7 C:\xampp\htdocs\encurtador\app\Controllers\Home.php(19): App\Models\LinkModel->getLastId()
#8 C:\xampp\htdocs\encurtador\vendor\codeigniter4\framework\system\CodeIgniter.php(936): App\Controllers\Home->index()
#9 C:\xampp\htdocs\encurtador\vendor\codeigniter4\framework\system\CodeIgniter.php(432): CodeIgniter\CodeIgniter->runController(Object(App\Controllers\Home))
#10 C:\xampp\htdocs\encurtador\vendor\codeigniter4\framework\system\CodeIgniter.php(333): CodeIgniter\CodeIgniter->handleRequest(NULL, Object(Config\Cache), false)
#11 C:\xampp\htdocs\encurtador\public\index.php(44): CodeIgniter\CodeIgniter->run()
#12 C:\xampp\htdocs\encurtador\vendor\codeigniter4\framework\system\Commands\Server\rewrite.php(45): require_once('C:\\xampp\\htdocs...')
#13 {main}
CRITICAL - 2021-03-14 11:49:20 --> Table 'encurtador.links' doesn't exist
#0 C:\xampp\htdocs\encurtador\vendor\codeigniter4\framework\system\Database\MySQLi\Connection.php(314): mysqli->query('SELECT MAX(`id`...')
#1 C:\xampp\htdocs\encurtador\vendor\codeigniter4\framework\system\Database\BaseConnection.php(713): CodeIgniter\Database\MySQLi\Connection->execute('SELECT MAX(`id`...')
#2 C:\xampp\htdocs\encurtador\vendor\codeigniter4\framework\system\Database\BaseConnection.php(641): CodeIgniter\Database\BaseConnection->simpleQuery('SELECT MAX(`id`...')
#3 C:\xampp\htdocs\encurtador\vendor\codeigniter4\framework\system\Database\BaseBuilder.php(1866): CodeIgniter\Database\BaseConnection->query('SELECT MAX(`id`...', Array, false)
#4 C:\xampp\htdocs\encurtador\vendor\codeigniter4\framework\system\Model.php(247): CodeIgniter\Database\BaseBuilder->get()
#5 C:\xampp\htdocs\encurtador\vendor\codeigniter4\framework\system\BaseModel.php(624): CodeIgniter\Model->doFirst()
#6 C:\xampp\htdocs\encurtador\app\Models\LinkModel.php(32): CodeIgniter\BaseModel->first()
#7 C:\xampp\htdocs\encurtador\app\Controllers\Home.php(19): App\Models\LinkModel->getLastId()
#8 C:\xampp\htdocs\encurtador\vendor\codeigniter4\framework\system\CodeIgniter.php(936): App\Controllers\Home->index()
#9 C:\xampp\htdocs\encurtador\vendor\codeigniter4\framework\system\CodeIgniter.php(432): CodeIgniter\CodeIgniter->runController(Object(App\Controllers\Home))
#10 C:\xampp\htdocs\encurtador\vendor\codeigniter4\framework\system\CodeIgniter.php(333): CodeIgniter\CodeIgniter->handleRequest(NULL, Object(Config\Cache), false)
#11 C:\xampp\htdocs\encurtador\public\index.php(44): CodeIgniter\CodeIgniter->run()
#12 C:\xampp\htdocs\encurtador\vendor\codeigniter4\framework\system\Commands\Server\rewrite.php(45): require_once('C:\\xampp\\htdocs...')
#13 {main}
ERROR - 2021-03-14 11:49:36 --> mysqli_sql_exception: Table 'encurtador.links' doesn't exist in C:\xampp\htdocs\encurtador\vendor\codeigniter4\framework\system\Database\MySQLi\Connection.php:314
Stack trace:
#0 C:\xampp\htdocs\encurtador\vendor\codeigniter4\framework\system\Database\MySQLi\Connection.php(314): mysqli->query('SELECT MAX(`id`...')
#1 C:\xampp\htdocs\encurtador\vendor\codeigniter4\framework\system\Database\BaseConnection.php(713): CodeIgniter\Database\MySQLi\Connection->execute('SELECT MAX(`id`...')
#2 C:\xampp\htdocs\encurtador\vendor\codeigniter4\framework\system\Database\BaseConnection.php(641): CodeIgniter\Database\BaseConnection->simpleQuery('SELECT MAX(`id`...')
#3 C:\xampp\htdocs\encurtador\vendor\codeigniter4\framework\system\Database\BaseBuilder.php(1866): CodeIgniter\Database\BaseConnection->query('SELECT MAX(`id`...', Array, false)
#4 C:\xampp\htdocs\encurtador\vendor\codeigniter4\framework\system\Model.php(247): CodeIgniter\Database\BaseBuilder->get()
#5 C:\xampp\htdocs\encurtador\vendor\codeigniter4\framework\system\BaseModel.php(624): CodeIgniter\Model->doFirst()
#6 C:\xampp\htdocs\encurtador\app\Models\LinkModel.php(32): CodeIgniter\BaseModel->first()
#7 C:\xampp\htdocs\encurtador\app\Controllers\Home.php(19): App\Models\LinkModel->getLastId()
#8 C:\xampp\htdocs\encurtador\vendor\codeigniter4\framework\system\CodeIgniter.php(936): App\Controllers\Home->index()
#9 C:\xampp\htdocs\encurtador\vendor\codeigniter4\framework\system\CodeIgniter.php(432): CodeIgniter\CodeIgniter->runController(Object(App\Controllers\Home))
#10 C:\xampp\htdocs\encurtador\vendor\codeigniter4\framework\system\CodeIgniter.php(333): CodeIgniter\CodeIgniter->handleRequest(NULL, Object(Config\Cache), false)
#11 C:\xampp\htdocs\encurtador\public\index.php(44): CodeIgniter\CodeIgniter->run()
#12 C:\xampp\htdocs\encurtador\vendor\codeigniter4\framework\system\Commands\Server\rewrite.php(45): require_once('C:\\xampp\\htdocs...')
#13 {main}
CRITICAL - 2021-03-14 11:49:36 --> Table 'encurtador.links' doesn't exist
#0 C:\xampp\htdocs\encurtador\vendor\codeigniter4\framework\system\Database\MySQLi\Connection.php(314): mysqli->query('SELECT MAX(`id`...')
#1 C:\xampp\htdocs\encurtador\vendor\codeigniter4\framework\system\Database\BaseConnection.php(713): CodeIgniter\Database\MySQLi\Connection->execute('SELECT MAX(`id`...')
#2 C:\xampp\htdocs\encurtador\vendor\codeigniter4\framework\system\Database\BaseConnection.php(641): CodeIgniter\Database\BaseConnection->simpleQuery('SELECT MAX(`id`...')
#3 C:\xampp\htdocs\encurtador\vendor\codeigniter4\framework\system\Database\BaseBuilder.php(1866): CodeIgniter\Database\BaseConnection->query('SELECT MAX(`id`...', Array, false)
#4 C:\xampp\htdocs\encurtador\vendor\codeigniter4\framework\system\Model.php(247): CodeIgniter\Database\BaseBuilder->get()
#5 C:\xampp\htdocs\encurtador\vendor\codeigniter4\framework\system\BaseModel.php(624): CodeIgniter\Model->doFirst()
#6 C:\xampp\htdocs\encurtador\app\Models\LinkModel.php(32): CodeIgniter\BaseModel->first()
#7 C:\xampp\htdocs\encurtador\app\Controllers\Home.php(19): App\Models\LinkModel->getLastId()
#8 C:\xampp\htdocs\encurtador\vendor\codeigniter4\framework\system\CodeIgniter.php(936): App\Controllers\Home->index()
#9 C:\xampp\htdocs\encurtador\vendor\codeigniter4\framework\system\CodeIgniter.php(432): CodeIgniter\CodeIgniter->runController(Object(App\Controllers\Home))
#10 C:\xampp\htdocs\encurtador\vendor\codeigniter4\framework\system\CodeIgniter.php(333): CodeIgniter\CodeIgniter->handleRequest(NULL, Object(Config\Cache), false)
#11 C:\xampp\htdocs\encurtador\public\index.php(44): CodeIgniter\CodeIgniter->run()
#12 C:\xampp\htdocs\encurtador\vendor\codeigniter4\framework\system\Commands\Server\rewrite.php(45): require_once('C:\\xampp\\htdocs...')
#13 {main}
CRITICAL - 2021-03-14 12:27:22 --> Undefined variable: request
#0 C:\xampp\htdocs\encurtador\app\Controllers\Url.php(50): CodeIgniter\Debug\Exceptions->errorHandler(8, 'Undefined varia...', 'C:\\xampp\\htdocs...', 50, Array)
#1 C:\xampp\htdocs\encurtador\vendor\codeigniter4\framework\system\CodeIgniter.php(936): App\Controllers\Url->store()
#2 C:\xampp\htdocs\encurtador\vendor\codeigniter4\framework\system\CodeIgniter.php(432): CodeIgniter\CodeIgniter->runController(Object(App\Controllers\Url))
#3 C:\xampp\htdocs\encurtador\vendor\codeigniter4\framework\system\CodeIgniter.php(333): CodeIgniter\CodeIgniter->handleRequest(NULL, Object(Config\Cache), false)
#4 C:\xampp\htdocs\encurtador\public\index.php(44): CodeIgniter\CodeIgniter->run()
#5 C:\xampp\htdocs\encurtador\vendor\codeigniter4\framework\system\Commands\Server\rewrite.php(45): require_once('C:\\xampp\\htdocs...')
#6 {main}
CRITICAL - 2021-03-14 12:40:50 --> Arquivo inválido: user/login.php
#0 C:\xampp\htdocs\encurtador\vendor\codeigniter4\framework\system\View\View.php(203): CodeIgniter\Exceptions\FrameworkException::forInvalidFile('user/login.php')
#1 C:\xampp\htdocs\encurtador\vendor\codeigniter4\framework\system\Common.php(1217): CodeIgniter\View\View->render('user/login', Array, true)
#2 C:\xampp\htdocs\encurtador\app\Controllers\User.php(67): view('user/login', Array)
#3 C:\xampp\htdocs\encurtador\vendor\codeigniter4\framework\system\CodeIgniter.php(936): App\Controllers\User->store()
#4 C:\xampp\htdocs\encurtador\vendor\codeigniter4\framework\system\CodeIgniter.php(432): CodeIgniter\CodeIgniter->runController(Object(App\Controllers\User))
#5 C:\xampp\htdocs\encurtador\vendor\codeigniter4\framework\system\CodeIgniter.php(333): CodeIgniter\CodeIgniter->handleRequest(NULL, Object(Config\Cache), false)
#6 C:\xampp\htdocs\encurtador\public\index.php(44): CodeIgniter\CodeIgniter->run()
#7 C:\xampp\htdocs\encurtador\vendor\codeigniter4\framework\system\Commands\Server\rewrite.php(45): require_once('C:\\xampp\\htdocs...')
#8 {main}
CRITICAL - 2021-03-14 12:53:05 --> Undefined variable: post
#0 C:\xampp\htdocs\encurtador\app\Controllers\User.php(56): CodeIgniter\Debug\Exceptions->errorHandler(8, 'Undefined varia...', 'C:\\xampp\\htdocs...', 56, Array)
#1 C:\xampp\htdocs\encurtador\vendor\codeigniter4\framework\system\CodeIgniter.php(936): App\Controllers\User->store()
#2 C:\xampp\htdocs\encurtador\vendor\codeigniter4\framework\system\CodeIgniter.php(432): CodeIgniter\CodeIgniter->runController(Object(App\Controllers\User))
#3 C:\xampp\htdocs\encurtador\vendor\codeigniter4\framework\system\CodeIgniter.php(333): CodeIgniter\CodeIgniter->handleRequest(NULL, Object(Config\Cache), false)
#4 C:\xampp\htdocs\encurtador\public\index.php(44): CodeIgniter\CodeIgniter->run()
#5 C:\xampp\htdocs\encurtador\vendor\codeigniter4\framework\system\Commands\Server\rewrite.php(45): require_once('C:\\xampp\\htdocs...')
#6 {main}
CRITICAL - 2021-03-14 13:13:36 --> syntax error, unexpected ')'
#0 C:\xampp\htdocs\encurtador\vendor\codeigniter4\framework\system\Autoloader\Autoloader.php(265): CodeIgniter\Autoloader\Autoloader->includeFile('C:\\xampp\\htdocs...')
#1 C:\xampp\htdocs\encurtador\vendor\codeigniter4\framework\system\Autoloader\Autoloader.php(228): CodeIgniter\Autoloader\Autoloader->loadInNamespace('App\\Controllers...')
#2 [internal function]: CodeIgniter\Autoloader\Autoloader->loadClass('App\\Controllers...')
#3 [internal function]: spl_autoload_call('App\\Controllers...')
#4 C:\xampp\htdocs\encurtador\vendor\codeigniter4\framework\system\CodeIgniter.php(893): class_exists('\\App\\Controller...', true)
#5 C:\xampp\htdocs\encurtador\vendor\codeigniter4\framework\system\CodeIgniter.php(417): CodeIgniter\CodeIgniter->startController()
#6 C:\xampp\htdocs\encurtador\vendor\codeigniter4\framework\system\CodeIgniter.php(333): CodeIgniter\CodeIgniter->handleRequest(NULL, Object(Config\Cache), false)
#7 C:\xampp\htdocs\encurtador\public\index.php(44): CodeIgniter\CodeIgniter->run()
#8 C:\xampp\htdocs\encurtador\vendor\codeigniter4\framework\system\Commands\Server\rewrite.php(45): require_once('C:\\xampp\\htdocs...')
#9 {main}
CRITICAL - 2021-03-14 13:14:39 --> syntax error, unexpected ';'
#0 C:\xampp\htdocs\encurtador\vendor\codeigniter4\framework\system\Autoloader\Autoloader.php(265): CodeIgniter\Autoloader\Autoloader->includeFile('C:\\xampp\\htdocs...')
#1 C:\xampp\htdocs\encurtador\vendor\codeigniter4\framework\system\Autoloader\Autoloader.php(228): CodeIgniter\Autoloader\Autoloader->loadInNamespace('App\\Controllers...')
#2 [internal function]: CodeIgniter\Autoloader\Autoloader->loadClass('App\\Controllers...')
#3 [internal function]: spl_autoload_call('App\\Controllers...')
#4 C:\xampp\htdocs\encurtador\vendor\codeigniter4\framework\system\CodeIgniter.php(893): class_exists('\\App\\Controller...', true)
#5 C:\xampp\htdocs\encurtador\vendor\codeigniter4\framework\system\CodeIgniter.php(417): CodeIgniter\CodeIgniter->startController()
#6 C:\xampp\htdocs\encurtador\vendor\codeigniter4\framework\system\CodeIgniter.php(333): CodeIgniter\CodeIgniter->handleRequest(NULL, Object(Config\Cache), false)
#7 C:\xampp\htdocs\encurtador\public\index.php(44): CodeIgniter\CodeIgniter->run()
#8 C:\xampp\htdocs\encurtador\vendor\codeigniter4\framework\system\Commands\Server\rewrite.php(45): require_once('C:\\xampp\\htdocs...')
#9 {main}
CRITICAL - 2021-03-14 13:14:41 --> syntax error, unexpected ';'
#0 C:\xampp\htdocs\encurtador\vendor\codeigniter4\framework\system\Autoloader\Autoloader.php(265): CodeIgniter\Autoloader\Autoloader->includeFile('C:\\xampp\\htdocs...')
#1 C:\xampp\htdocs\encurtador\vendor\codeigniter4\framework\system\Autoloader\Autoloader.php(228): CodeIgniter\Autoloader\Autoloader->loadInNamespace('App\\Controllers...')
#2 [internal function]: CodeIgniter\Autoloader\Autoloader->loadClass('App\\Controllers...')
#3 [internal function]: spl_autoload_call('App\\Controllers...')
#4 C:\xampp\htdocs\encurtador\vendor\codeigniter4\framework\system\CodeIgniter.php(893): class_exists('\\App\\Controller...', true)
#5 C:\xampp\htdocs\encurtador\vendor\codeigniter4\framework\system\CodeIgniter.php(417): CodeIgniter\CodeIgniter->startController()
#6 C:\xampp\htdocs\encurtador\vendor\codeigniter4\framework\system\CodeIgniter.php(333): CodeIgniter\CodeIgniter->handleRequest(NULL, Object(Config\Cache), false)
#7 C:\xampp\htdocs\encurtador\public\index.php(44): CodeIgniter\CodeIgniter->run()
#8 C:\xampp\htdocs\encurtador\vendor\codeigniter4\framework\system\Commands\Server\rewrite.php(45): require_once('C:\\xampp\\htdocs...')
#9 {main}
CRITICAL - 2021-03-14 13:15:17 --> syntax error, unexpected ';'
#0 C:\xampp\htdocs\encurtador\vendor\codeigniter4\framework\system\Autoloader\Autoloader.php(265): CodeIgniter\Autoloader\Autoloader->includeFile('C:\\xampp\\htdocs...')
#1 C:\xampp\htdocs\encurtador\vendor\codeigniter4\framework\system\Autoloader\Autoloader.php(228): CodeIgniter\Autoloader\Autoloader->loadInNamespace('App\\Controllers...')
#2 [internal function]: CodeIgniter\Autoloader\Autoloader->loadClass('App\\Controllers...')
#3 [internal function]: spl_autoload_call('App\\Controllers...')
#4 C:\xampp\htdocs\encurtador\vendor\codeigniter4\framework\system\CodeIgniter.php(893): class_exists('\\App\\Controller...', true)
#5 C:\xampp\htdocs\encurtador\vendor\codeigniter4\framework\system\CodeIgniter.php(417): CodeIgniter\CodeIgniter->startController()
#6 C:\xampp\htdocs\encurtador\vendor\codeigniter4\framework\system\CodeIgniter.php(333): CodeIgniter\CodeIgniter->handleRequest(NULL, Object(Config\Cache), false)
#7 C:\xampp\htdocs\encurtador\public\index.php(44): CodeIgniter\CodeIgniter->run()
#8 C:\xampp\htdocs\encurtador\vendor\codeigniter4\framework\system\Commands\Server\rewrite.php(45): require_once('C:\\xampp\\htdocs...')
#9 {main}
CRITICAL - 2021-03-14 13:15:51 --> Undefined index: email
#0 C:\xampp\htdocs\encurtador\app\Controllers\User.php(46): CodeIgniter\Debug\Exceptions->errorHandler(8, 'Undefined index...', 'C:\\xampp\\htdocs...', 46, Array)
#1 C:\xampp\htdocs\encurtador\vendor\codeigniter4\framework\system\CodeIgniter.php(936): App\Controllers\User->signin()
#2 C:\xampp\htdocs\encurtador\vendor\codeigniter4\framework\system\CodeIgniter.php(432): CodeIgniter\CodeIgniter->runController(Object(App\Controllers\User))
#3 C:\xampp\htdocs\encurtador\vendor\codeigniter4\framework\system\CodeIgniter.php(333): CodeIgniter\CodeIgniter->handleRequest(NULL, Object(Config\Cache), false)
#4 C:\xampp\htdocs\encurtador\public\index.php(44): CodeIgniter\CodeIgniter->run()
#5 C:\xampp\htdocs\encurtador\vendor\codeigniter4\framework\system\Commands\Server\rewrite.php(45): require_once('C:\\xampp\\htdocs...')
#6 {main}
CRITICAL - 2021-03-14 13:42:44 --> syntax error, unexpected ';', expecting ')'
#0 C:\xampp\htdocs\encurtador\vendor\codeigniter4\framework\system\Autoloader\Autoloader.php(265): CodeIgniter\Autoloader\Autoloader->includeFile('C:\\xampp\\htdocs...')
#1 C:\xampp\htdocs\encurtador\vendor\codeigniter4\framework\system\Autoloader\Autoloader.php(228): CodeIgniter\Autoloader\Autoloader->loadInNamespace('App\\Controllers...')
#2 [internal function]: CodeIgniter\Autoloader\Autoloader->loadClass('App\\Controllers...')
#3 [internal function]: spl_autoload_call('App\\Controllers...')
#4 C:\xampp\htdocs\encurtador\vendor\codeigniter4\framework\system\CodeIgniter.php(893): class_exists('\\App\\Controller...', true)
#5 C:\xampp\htdocs\encurtador\vendor\codeigniter4\framework\system\CodeIgniter.php(417): CodeIgniter\CodeIgniter->startController()
#6 C:\xampp\htdocs\encurtador\vendor\codeigniter4\framework\system\CodeIgniter.php(333): CodeIgniter\CodeIgniter->handleRequest(NULL, Object(Config\Cache), false)
#7 C:\xampp\htdocs\encurtador\public\index.php(44): CodeIgniter\CodeIgniter->run()
#8 C:\xampp\htdocs\encurtador\vendor\codeigniter4\framework\system\Commands\Server\rewrite.php(45): require_once('C:\\xampp\\htdocs...')
#9 {main}
CRITICAL - 2021-03-14 13:48:36 --> Arquivo inválido: meus_links.php
#0 C:\xampp\htdocs\encurtador\vendor\codeigniter4\framework\system\View\View.php(203): CodeIgniter\Exceptions\FrameworkException::forInvalidFile('meus_links.php')
#1 C:\xampp\htdocs\encurtador\vendor\codeigniter4\framework\system\Common.php(1217): CodeIgniter\View\View->render('meus_links', Array, true)
#2 C:\xampp\htdocs\encurtador\app\Controllers\User.php(25): view('meus_links')
#3 C:\xampp\htdocs\encurtador\vendor\codeigniter4\framework\system\CodeIgniter.php(936): App\Controllers\User->index()
#4 C:\xampp\htdocs\encurtador\vendor\codeigniter4\framework\system\CodeIgniter.php(432): CodeIgniter\CodeIgniter->runController(Object(App\Controllers\User))
#5 C:\xampp\htdocs\encurtador\vendor\codeigniter4\framework\system\CodeIgniter.php(333): CodeIgniter\CodeIgniter->handleRequest(NULL, Object(Config\Cache), false)
#6 C:\xampp\htdocs\encurtador\public\index.php(44): CodeIgniter\CodeIgniter->run()
#7 C:\xampp\htdocs\encurtador\vendor\codeigniter4\framework\system\Commands\Server\rewrite.php(45): require_once('C:\\xampp\\htdocs...')
#8 {main}
CRITICAL - 2021-03-14 13:52:41 --> syntax error, unexpected 'endforeach' (T_ENDFOREACH), expecting elseif (T_ELSEIF) or else (T_ELSE) or endif (T_ENDIF)
#0 C:\xampp\htdocs\encurtador\vendor\codeigniter4\framework\system\View\View.php(222): CodeIgniter\View\View->CodeIgniter\View\{closure}()
#1 C:\xampp\htdocs\encurtador\vendor\codeigniter4\framework\system\Common.php(1217): CodeIgniter\View\View->render('meus_links', Array, true)
#2 C:\xampp\htdocs\encurtador\app\Controllers\User.php(29): view('meus_links', Array)
#3 C:\xampp\htdocs\encurtador\vendor\codeigniter4\framework\system\CodeIgniter.php(936): App\Controllers\User->index()
#4 C:\xampp\htdocs\encurtador\vendor\codeigniter4\framework\system\CodeIgniter.php(432): CodeIgniter\CodeIgniter->runController(Object(App\Controllers\User))
#5 C:\xampp\htdocs\encurtador\vendor\codeigniter4\framework\system\CodeIgniter.php(333): CodeIgniter\CodeIgniter->handleRequest(NULL, Object(Config\Cache), false)
#6 C:\xampp\htdocs\encurtador\public\index.php(44): CodeIgniter\CodeIgniter->run()
#7 C:\xampp\htdocs\encurtador\vendor\codeigniter4\framework\system\Commands\Server\rewrite.php(45): require_once('C:\\xampp\\htdocs...')
#8 {main}
CRITICAL - 2021-03-14 14:03:16 --> Call to undefined method App\Models\LinkModel::order_by
#0 C:\xampp\htdocs\encurtador\app\Controllers\User.php(29): CodeIgniter\Model->__call('order_by', Array)
#1 C:\xampp\htdocs\encurtador\vendor\codeigniter4\framework\system\CodeIgniter.php(936): App\Controllers\User->index()
#2 C:\xampp\htdocs\encurtador\vendor\codeigniter4\framework\system\CodeIgniter.php(432): CodeIgniter\CodeIgniter->runController(Object(App\Controllers\User))
#3 C:\xampp\htdocs\encurtador\vendor\codeigniter4\framework\system\CodeIgniter.php(333): CodeIgniter\CodeIgniter->handleRequest(NULL, Object(Config\Cache), false)
#4 C:\xampp\htdocs\encurtador\public\index.php(44): CodeIgniter\CodeIgniter->run()
#5 C:\xampp\htdocs\encurtador\vendor\codeigniter4\framework\system\Commands\Server\rewrite.php(45): require_once('C:\\xampp\\htdocs...')
#6 {main}
CRITICAL - 2021-03-14 14:11:57 --> Arquivo inválido: change_pass.php
#0 C:\xampp\htdocs\encurtador\vendor\codeigniter4\framework\system\View\View.php(203): CodeIgniter\Exceptions\FrameworkException::forInvalidFile('change_pass.php')
#1 C:\xampp\htdocs\encurtador\vendor\codeigniter4\framework\system\Common.php(1217): CodeIgniter\View\View->render('change_pass', Array, true)
#2 C:\xampp\htdocs\encurtador\app\Controllers\User.php(50): view('change_pass')
#3 C:\xampp\htdocs\encurtador\vendor\codeigniter4\framework\system\CodeIgniter.php(936): App\Controllers\User->changePass()
#4 C:\xampp\htdocs\encurtador\vendor\codeigniter4\framework\system\CodeIgniter.php(432): CodeIgniter\CodeIgniter->runController(Object(App\Controllers\User))
#5 C:\xampp\htdocs\encurtador\vendor\codeigniter4\framework\system\CodeIgniter.php(333): CodeIgniter\CodeIgniter->handleRequest(NULL, Object(Config\Cache), false)
#6 C:\xampp\htdocs\encurtador\public\index.php(44): CodeIgniter\CodeIgniter->run()
#7 C:\xampp\htdocs\encurtador\vendor\codeigniter4\framework\system\Commands\Server\rewrite.php(45): require_once('C:\\xampp\\htdocs...')
#8 {main}
CRITICAL - 2021-03-14 14:22:25 --> Arquivo inválido: user.php
#0 C:\xampp\htdocs\encurtador\vendor\codeigniter4\framework\system\View\View.php(203): CodeIgniter\Exceptions\FrameworkException::forInvalidFile('user.php')
#1 C:\xampp\htdocs\encurtador\vendor\codeigniter4\framework\system\Common.php(1217): CodeIgniter\View\View->render('user', Array, true)
#2 C:\xampp\htdocs\encurtador\app\Controllers\User.php(112): view('user', Array)
#3 C:\xampp\htdocs\encurtador\vendor\codeigniter4\framework\system\CodeIgniter.php(936): App\Controllers\User->updatePass()
#4 C:\xampp\htdocs\encurtador\vendor\codeigniter4\framework\system\CodeIgniter.php(432): CodeIgniter\CodeIgniter->runController(Object(App\Controllers\User))
#5 C:\xampp\htdocs\encurtador\vendor\codeigniter4\framework\system\CodeIgniter.php(333): CodeIgniter\CodeIgniter->handleRequest(NULL, Object(Config\Cache), false)
#6 C:\xampp\htdocs\encurtador\public\index.php(44): CodeIgniter\CodeIgniter->run()
#7 C:\xampp\htdocs\encurtador\vendor\codeigniter4\framework\system\Commands\Server\rewrite.php(45): require_once('C:\\xampp\\htdocs...')
#8 {main}
CRITICAL - 2021-03-14 14:26:55 --> Undefined index: message
#0 C:\xampp\htdocs\encurtador\app\Views\layout.php(60): CodeIgniter\Debug\Exceptions->errorHandler(8, 'Undefined index...', 'C:\\xampp\\htdocs...', 60, Array)
#1 C:\xampp\htdocs\encurtador\vendor\codeigniter4\framework\system\View\View.php(220): include('C:\\xampp\\htdocs...')
#2 C:\xampp\htdocs\encurtador\vendor\codeigniter4\framework\system\View\View.php(222): CodeIgniter\View\View->CodeIgniter\View\{closure}()
#3 C:\xampp\htdocs\encurtador\vendor\codeigniter4\framework\system\View\View.php(236): CodeIgniter\View\View->render('layout', Array, true)
#4 C:\xampp\htdocs\encurtador\vendor\codeigniter4\framework\system\Common.php(1217): CodeIgniter\View\View->render('home', Array, true)
#5 C:\xampp\htdocs\encurtador\app\Controllers\Home.php(22): view('home', Array)
#6 C:\xampp\htdocs\encurtador\vendor\codeigniter4\framework\system\CodeIgniter.php(936): App\Controllers\Home->index()
#7 C:\xampp\htdocs\encurtador\vendor\codeigniter4\framework\system\CodeIgniter.php(432): CodeIgniter\CodeIgniter->runController(Object(App\Controllers\Home))
#8 C:\xampp\htdocs\encurtador\vendor\codeigniter4\framework\system\CodeIgniter.php(333): CodeIgniter\CodeIgniter->handleRequest(NULL, Object(Config\Cache), false)
#9 C:\xampp\htdocs\encurtador\public\index.php(44): CodeIgniter\CodeIgniter->run()
#10 C:\xampp\htdocs\encurtador\vendor\codeigniter4\framework\system\Commands\Server\rewrite.php(45): require_once('C:\\xampp\\htdocs...')
#11 {main}
CRITICAL - 2021-03-14 14:37:15 --> Undefined variable: post
#0 C:\xampp\htdocs\encurtador\app\Controllers\User.php(89): CodeIgniter\Debug\Exceptions->errorHandler(8, 'Undefined varia...', 'C:\\xampp\\htdocs...', 89, Array)
#1 C:\xampp\htdocs\encurtador\vendor\codeigniter4\framework\system\CodeIgniter.php(936): App\Controllers\User->store()
#2 C:\xampp\htdocs\encurtador\vendor\codeigniter4\framework\system\CodeIgniter.php(432): CodeIgniter\CodeIgniter->runController(Object(App\Controllers\User))
#3 C:\xampp\htdocs\encurtador\vendor\codeigniter4\framework\system\CodeIgniter.php(333): CodeIgniter\CodeIgniter->handleRequest(NULL, Object(Config\Cache), false)
#4 C:\xampp\htdocs\encurtador\public\index.php(44): CodeIgniter\CodeIgniter->run()
#5 C:\xampp\htdocs\encurtador\vendor\codeigniter4\framework\system\Commands\Server\rewrite.php(45): require_once('C:\\xampp\\htdocs...')
#6 {main}
ERROR - 2021-03-14 15:04:59 --> mysqli_sql_exception: Column 'created_at' in order clause is ambiguous in C:\xampp\htdocs\encurtador\vendor\codeigniter4\framework\system\Database\MySQLi\Connection.php:314
Stack trace:
#0 C:\xampp\htdocs\encurtador\vendor\codeigniter4\framework\system\Database\MySQLi\Connection.php(314): mysqli->query('SELECT *\nFROM `...')
#1 C:\xampp\htdocs\encurtador\vendor\codeigniter4\framework\system\Database\BaseConnection.php(713): CodeIgniter\Database\MySQLi\Connection->execute('SELECT *\nFROM `...')
#2 C:\xampp\htdocs\encurtador\vendor\codeigniter4\framework\system\Database\BaseConnection.php(641): CodeIgniter\Database\BaseConnection->simpleQuery('SELECT *\nFROM `...')
#3 C:\xampp\htdocs\encurtador\vendor\codeigniter4\framework\system\Database\BaseBuilder.php(1866): CodeIgniter\Database\BaseConnection->query('SELECT *\nFROM `...', Array, false)
#4 C:\xampp\htdocs\encurtador\vendor\codeigniter4\framework\system\Model.php(213): CodeIgniter\Database\BaseBuilder->get()
#5 C:\xampp\htdocs\encurtador\vendor\codeigniter4\framework\system\BaseModel.php(583): CodeIgniter\Model->doFindAll(0, 0)
#6 C:\xampp\htdocs\encurtador\app\Controllers\User.php(35): CodeIgniter\BaseModel->findAll()
#7 C:\xampp\htdocs\encurtador\vendor\codeigniter4\framework\system\CodeIgniter.php(936): App\Controllers\User->index()
#8 C:\xampp\htdocs\encurtador\vendor\codeigniter4\framework\system\CodeIgniter.php(432): CodeIgniter\CodeIgniter->runController(Object(App\Controllers\User))
#9 C:\xampp\htdocs\encurtador\vendor\codeigniter4\framework\system\CodeIgniter.php(333): CodeIgniter\CodeIgniter->handleRequest(NULL, Object(Config\Cache), false)
#10 C:\xampp\htdocs\encurtador\public\index.php(44): CodeIgniter\CodeIgniter->run()
#11 C:\xampp\htdocs\encurtador\vendor\codeigniter4\framework\system\Commands\Server\rewrite.php(45): require_once('C:\\xampp\\htdocs...')
#12 {main}
CRITICAL - 2021-03-14 15:04:59 --> Column 'created_at' in order clause is ambiguous
#0 C:\xampp\htdocs\encurtador\vendor\codeigniter4\framework\system\Database\MySQLi\Connection.php(314): mysqli->query('SELECT *\nFROM `...')
#1 C:\xampp\htdocs\encurtador\vendor\codeigniter4\framework\system\Database\BaseConnection.php(713): CodeIgniter\Database\MySQLi\Connection->execute('SELECT *\nFROM `...')
#2 C:\xampp\htdocs\encurtador\vendor\codeigniter4\framework\system\Database\BaseConnection.php(641): CodeIgniter\Database\BaseConnection->simpleQuery('SELECT *\nFROM `...')
#3 C:\xampp\htdocs\encurtador\vendor\codeigniter4\framework\system\Database\BaseBuilder.php(1866): CodeIgniter\Database\BaseConnection->query('SELECT *\nFROM `...', Array, false)
#4 C:\xampp\htdocs\encurtador\vendor\codeigniter4\framework\system\Model.php(213): CodeIgniter\Database\BaseBuilder->get()
#5 C:\xampp\htdocs\encurtador\vendor\codeigniter4\framework\system\BaseModel.php(583): CodeIgniter\Model->doFindAll(0, 0)
#6 C:\xampp\htdocs\encurtador\app\Controllers\User.php(35): CodeIgniter\BaseModel->findAll()
#7 C:\xampp\htdocs\encurtador\vendor\codeigniter4\framework\system\CodeIgniter.php(936): App\Controllers\User->index()
#8 C:\xampp\htdocs\encurtador\vendor\codeigniter4\framework\system\CodeIgniter.php(432): CodeIgniter\CodeIgniter->runController(Object(App\Controllers\User))
#9 C:\xampp\htdocs\encurtador\vendor\codeigniter4\framework\system\CodeIgniter.php(333): CodeIgniter\CodeIgniter->handleRequest(NULL, Object(Config\Cache), false)
#10 C:\xampp\htdocs\encurtador\public\index.php(44): CodeIgniter\CodeIgniter->run()
#11 C:\xampp\htdocs\encurtador\vendor\codeigniter4\framework\system\Commands\Server\rewrite.php(45): require_once('C:\\xampp\\htdocs...')
#12 {main}
CRITICAL - 2021-03-14 15:13:51 --> Undefined index: links.id
#0 C:\xampp\htdocs\encurtador\app\Views\meus_links.php(42): CodeIgniter\Debug\Exceptions->errorHandler(8, 'Undefined index...', 'C:\\xampp\\htdocs...', 42, Array)
#1 C:\xampp\htdocs\encurtador\vendor\codeigniter4\framework\system\View\View.php(220): include('C:\\xampp\\htdocs...')
#2 C:\xampp\htdocs\encurtador\vendor\codeigniter4\framework\system\View\View.php(222): CodeIgniter\View\View->CodeIgniter\View\{closure}()
#3 C:\xampp\htdocs\encurtador\vendor\codeigniter4\framework\system\Common.php(1217): CodeIgniter\View\View->render('meus_links', Array, true)
#4 C:\xampp\htdocs\encurtador\app\Controllers\User.php(35): view('meus_links', Array)
#5 C:\xampp\htdocs\encurtador\vendor\codeigniter4\framework\system\CodeIgniter.php(936): App\Controllers\User->index()
#6 C:\xampp\htdocs\encurtador\vendor\codeigniter4\framework\system\CodeIgniter.php(432): CodeIgniter\CodeIgniter->runController(Object(App\Controllers\User))
#7 C:\xampp\htdocs\encurtador\vendor\codeigniter4\framework\system\CodeIgniter.php(333): CodeIgniter\CodeIgniter->handleRequest(NULL, Object(Config\Cache), false)
#8 C:\xampp\htdocs\encurtador\public\index.php(44): CodeIgniter\CodeIgniter->run()
#9 C:\xampp\htdocs\encurtador\vendor\codeigniter4\framework\system\Commands\Server\rewrite.php(45): require_once('C:\\xampp\\htdocs...')
#10 {main}
